# JRE version: OpenJDK Runtime Environment (8.0_152-b01) (build 1.8.0_152-release-1248-b01)
# Java VM: OpenJDK 64-Bit Server VM (25.152-b01 mixed mode linux-amd64 compressed oops)
Heap:
 PSYoungGen      total 196096K, used 11756K [0x00000000e0000000, 0x00000000ecf80000, 0x0000000100000000)
  eden space 179712K, 0% used [0x00000000e0000000,0x00000000e0000000,0x00000000eaf80000)
  from space 16384K, 71% used [0x00000000eaf80000,0x00000000ebafb3f8,0x00000000ebf80000)
  to   space 14848K, 0% used [0x00000000ec000000,0x00000000ec000000,0x00000000ece80000)
 ParOldGen       total 57344K, used 34629K [0x00000000a0000000, 0x00000000a3800000, 0x00000000e0000000)
  object space 57344K, 60% used [0x00000000a0000000,0x00000000a21d1728,0x00000000a3800000)
 Metaspace       used 63825K, capacity 65774K, committed 65920K, reserved 1105920K
  class space    used 8527K, capacity 9028K, committed 9088K, reserved 1048576K
GC Heap History (10 events):
Event: 58.692 GC heap after
Heap after GC invocations=13 (full 1):
 PSYoungGen      total 128000K, used 7601K [0x00000000e0000000, 0x00000000ea880000, 0x0000000100000000)
  eden space 117760K, 0% used [0x00000000e0000000,0x00000000e0000000,0x00000000e7300000)
  from space 10240K, 74% used [0x00000000e7d80000,0x00000000e84ec688,0x00000000e8780000)
  to   space 10752K, 0% used [0x00000000e7300000,0x00000000e7300000,0x00000000e7d80000)
 ParOldGen       total 25088K, used 13517K [0x00000000a0000000, 0x00000000a1880000, 0x00000000e0000000)
  object space 25088K, 53% used [0x00000000a0000000,0x00000000a0d33510,0x00000000a1880000)
 Metaspace       used 34868K, capacity 35462K, committed 35496K, reserved 1079296K
  class space    used 4875K, capacity 5109K, committed 5120K, reserved 1048576K
}
Event: 58.692 GC heap before
{Heap before GC invocations=14 (full 2):
 PSYoungGen      total 128000K, used 7601K [0x00000000e0000000, 0x00000000ea880000, 0x0000000100000000)
  eden space 117760K, 0% used [0x00000000e0000000,0x00000000e0000000,0x00000000e7300000)
  from space 10240K, 74% used [0x00000000e7d80000,0x00000000e84ec688,0x00000000e8780000)
  to   space 10752K, 0% used [0x00000000e7300000,0x00000000e7300000,0x00000000e7d80000)
 ParOldGen       total 25088K, used 13517K [0x00000000a0000000, 0x00000000a1880000, 0x00000000e0000000)
  object space 25088K, 53% used [0x00000000a0000000,0x00000000a0d33510,0x00000000a1880000)
 Metaspace       used 34868K, capacity 35462K, committed 35496K, reserved 1079296K
  class space    used 4875K, capacity 5109K, committed 5120K, reserved 1048576K
Event: 59.137 GC heap after
Heap after GC invocations=14 (full 2):
 PSYoungGen      total 128000K, used 0K [0x00000000e0000000, 0x00000000ea880000, 0x0000000100000000)
  eden space 117760K, 0% used [0x00000000e0000000,0x00000000e0000000,0x00000000e7300000)
  from space 10240K, 0% used [0x00000000e7d80000,0x00000000e7d80000,0x00000000e8780000)
  to   space 10752K, 0% used [0x00000000e7300000,0x00000000e7300000,0x00000000e7d80000)
 ParOldGen       total 33792K, used 16575K [0x00000000a0000000, 0x00000000a2100000, 0x00000000e0000000)
  object space 33792K, 49% used [0x00000000a0000000,0x00000000a102fda8,0x00000000a2100000)
 Metaspace       used 34868K, capacity 35462K, committed 35496K, reserved 1079296K
  class space    used 4875K, capacity 5109K, committed 5120K, reserved 1048576K
}
Event: 68.156 GC heap before
{Heap before GC invocations=15 (full 2):
 PSYoungGen      total 128000K, used 117760K [0x00000000e0000000, 0x00000000ea880000, 0x0000000100000000)
  eden space 117760K, 100% used [0x00000000e0000000,0x00000000e7300000,0x00000000e7300000)
  from space 10240K, 0% used [0x00000000e7d80000,0x00000000e7d80000,0x00000000e8780000)
  to   space 10752K, 0% used [0x00000000e7300000,0x00000000e7300000,0x00000000e7d80000)
 ParOldGen       total 33792K, used 16575K [0x00000000a0000000, 0x00000000a2100000, 0x00000000e0000000)
  object space 33792K, 49% used [0x00000000a0000000,0x00000000a102fda8,0x00000000a2100000)
 Metaspace       used 44662K, capacity 45558K, committed 45696K, reserved 1089536K
  class space    used 6127K, capacity 6439K, committed 6528K, reserved 1048576K
Event: 68.311 GC heap after
Heap after GC invocations=15 (full 2):
 PSYoungGen      total 128512K, used 10748K [0x00000000e0000000, 0x00000000ece80000, 0x0000000100000000)
  eden space 117760K, 0% used [0x00000000e0000000,0x00000000e0000000,0x00000000e7300000)
  from space 10752K, 99% used [0x00000000e7300000,0x00000000e7d7f280,0x00000000e7d80000)
  to   space 14848K, 0% used [0x00000000ec000000,0x00000000ec000000,0x00000000ece80000)
 ParOldGen       total 33792K, used 22209K [0x00000000a0000000, 0x00000000a2100000, 0x00000000e0000000)
  object space 33792K, 65% used [0x00000000a0000000,0x00000000a15b0718,0x00000000a2100000)
 Metaspace       used 44662K, capacity 45558K, committed 45696K, reserved 1089536K
  class space    used 6127K, capacity 6439K, committed 6528K, reserved 1048576K
}
Event: 78.994 GC heap before
{Heap before GC invocations=16 (full 2):
 PSYoungGen      total 128512K, used 128508K [0x00000000e0000000, 0x00000000ece80000, 0x0000000100000000)
  eden space 117760K, 100% used [0x00000000e0000000,0x00000000e7300000,0x00000000e7300000)
  from space 10752K, 99% used [0x00000000e7300000,0x00000000e7d7f280,0x00000000e7d80000)
  to   space 14848K, 0% used [0x00000000ec000000,0x00000000ec000000,0x00000000ece80000)
 ParOldGen       total 33792K, used 22209K [0x00000000a0000000, 0x00000000a2100000, 0x00000000e0000000)
  object space 33792K, 65% used [0x00000000a0000000,0x00000000a15b0718,0x00000000a2100000)
 Metaspace       used 54794K, capacity 56072K, committed 56320K, reserved 1097728K
  class space    used 7476K, capacity 7841K, committed 7936K, reserved 1048576K
Event: 79.189 GC heap after
Heap after GC invocations=16 (full 2):
 PSYoungGen      total 194560K, used 12274K [0x00000000e0000000, 0x00000000ecf80000, 0x0000000100000000)
  eden space 179712K, 0% used [0x00000000e0000000,0x00000000e0000000,0x00000000eaf80000)
  from space 14848K, 82% used [0x00000000ec000000,0x00000000ecbfca28,0x00000000ece80000)
  to   space 16384K, 0% used [0x00000000eaf80000,0x00000000eaf80000,0x00000000ebf80000)
 ParOldGen       total 33792K, used 31127K [0x00000000a0000000, 0x00000000a2100000, 0x00000000e0000000)
  object space 33792K, 92% used [0x00000000a0000000,0x00000000a1e65ec0,0x00000000a2100000)
 Metaspace       used 54794K, capacity 56072K, committed 56320K, reserved 1097728K
  class space    used 7476K, capacity 7841K, committed 7936K, reserved 1048576K
}
Event: 79.189 GC heap before
{Heap before GC invocations=17 (full 3):
 PSYoungGen      total 194560K, used 12274K [0x00000000e0000000, 0x00000000ecf80000, 0x0000000100000000)
  eden space 179712K, 0% used [0x00000000e0000000,0x00000000e0000000,0x00000000eaf80000)
  from space 14848K, 82% used [0x00000000ec000000,0x00000000ecbfca28,0x00000000ece80000)
  to   space 16384K, 0% used [0x00000000eaf80000,0x00000000eaf80000,0x00000000ebf80000)
 ParOldGen       total 33792K, used 31127K [0x00000000a0000000, 0x00000000a2100000, 0x00000000e0000000)
  object space 33792K, 92% used [0x00000000a0000000,0x00000000a1e65ec0,0x00000000a2100000)
 Metaspace       used 54794K, capacity 56072K, committed 56320K, reserved 1097728K
  class space    used 7476K, capacity 7841K, committed 7936K, reserved 1048576K
Event: 80.766 GC heap after
Heap after GC invocations=17 (full 3):
 PSYoungGen      total 194560K, used 938K [0x00000000e0000000, 0x00000000ecf80000, 0x0000000100000000)
  eden space 179712K, 0% used [0x00000000e0000000,0x00000000e0000000,0x00000000eaf80000)
  from space 14848K, 6% used [0x00000000ec000000,0x00000000ec0ea8a8,0x00000000ece80000)
  to   space 16384K, 0% used [0x00000000eaf80000,0x00000000eaf80000,0x00000000ebf80000)
 ParOldGen       total 57344K, used 33623K [0x00000000a0000000, 0x00000000a3800000, 0x00000000e0000000)
  object space 57344K, 58% used [0x00000000a0000000,0x00000000a20d5f48,0x00000000a3800000)
 Metaspace       used 54794K, capacity 56072K, committed 56320K, reserved 1097728K
  class space    used 7476K, capacity 7841K, committed 7936K, reserved 1048576K
}
Event: 365.806 GC heap before
{Heap before GC invocations=18 (full 3):
 PSYoungGen      total 194560K, used 180650K [0x00000000e0000000, 0x00000000ecf80000, 0x0000000100000000)
  eden space 179712K, 100% used [0x00000000e0000000,0x00000000eaf80000,0x00000000eaf80000)
  from space 14848K, 6% used [0x00000000ec000000,0x00000000ec0ea8a8,0x00000000ece80000)
  to   space 16384K, 0% used [0x00000000eaf80000,0x00000000eaf80000,0x00000000ebf80000)
 ParOldGen       total 57344K, used 33623K [0x00000000a0000000, 0x00000000a3800000, 0x00000000e0000000)
  object space 57344K, 58% used [0x00000000a0000000,0x00000000a20d5f48,0x00000000a3800000)
 Metaspace       used 63825K, capacity 65774K, committed 65920K, reserved 1105920K
  class space    used 8527K, capacity 9028K, committed 9088K, reserved 1048576K

