# JRE version: OpenJDK Runtime Environment (8.0_152-b01) (build 1.8.0_152-release-1248-b01)
# Java VM: OpenJDK 64-Bit Server VM (25.152-b01 mixed mode linux-amd64 compressed oops)
Heap:
 PSYoungGen      total 218624K, used 2553K [0x00000000e0000000, 0x00000000ef700000, 0x0000000100000000)
  eden space 207872K, 0% used [0x00000000e0000000,0x00000000e0000000,0x00000000ecb00000)
  from space 10752K, 23% used [0x00000000edc00000,0x00000000ede7e498,0x00000000ee680000)
  to   space 17408K, 0% used [0x00000000ecb00000,0x00000000ecb00000,0x00000000edc00000)
 ParOldGen       total 36864K, used 36452K [0x00000000a0000000, 0x00000000a2400000, 0x00000000e0000000)
  object space 36864K, 98% used [0x00000000a0000000,0x00000000a2399258,0x00000000a2400000)
 Metaspace       used 57645K, capacity 58917K, committed 59096K, reserved 1099776K
  class space    used 7470K, capacity 7850K, committed 7896K, reserved 1048576K
GC Heap History (10 events):
Event: 100.493 GC heap after
Heap after GC invocations=16 (full 2):
 PSYoungGen      total 154624K, used 2430K [0x00000000e0000000, 0x00000000ea480000, 0x0000000100000000)
  eden space 151040K, 0% used [0x00000000e0000000,0x00000000e0000000,0x00000000e9380000)
  from space 3584K, 67% used [0x00000000ea100000,0x00000000ea35f900,0x00000000ea480000)
  to   space 8704K, 0% used [0x00000000e9380000,0x00000000e9380000,0x00000000e9c00000)
 ParOldGen       total 36864K, used 16207K [0x00000000a0000000, 0x00000000a2400000, 0x00000000e0000000)
  object space 36864K, 43% used [0x00000000a0000000,0x00000000a0fd3cc0,0x00000000a2400000)
 Metaspace       used 39534K, capacity 40270K, committed 40576K, reserved 1085440K
  class space    used 5141K, capacity 5382K, committed 5504K, reserved 1048576K
}
Event: 119.733 GC heap before
{Heap before GC invocations=17 (full 2):
 PSYoungGen      total 154624K, used 153470K [0x00000000e0000000, 0x00000000ea480000, 0x0000000100000000)
  eden space 151040K, 100% used [0x00000000e0000000,0x00000000e9380000,0x00000000e9380000)
  from space 3584K, 67% used [0x00000000ea100000,0x00000000ea35f900,0x00000000ea480000)
  to   space 8704K, 0% used [0x00000000e9380000,0x00000000e9380000,0x00000000e9c00000)
 ParOldGen       total 36864K, used 16207K [0x00000000a0000000, 0x00000000a2400000, 0x00000000e0000000)
  object space 36864K, 43% used [0x00000000a0000000,0x00000000a0fd3cc0,0x00000000a2400000)
 Metaspace       used 39729K, capacity 40468K, committed 40832K, reserved 1085440K
  class space    used 5146K, capacity 5383K, committed 5504K, reserved 1048576K
Event: 120.065 GC heap after
Heap after GC invocations=17 (full 2):
 PSYoungGen      total 159744K, used 2896K [0x00000000e0000000, 0x00000000eca00000, 0x0000000100000000)
  eden space 151040K, 0% used [0x00000000e0000000,0x00000000e0000000,0x00000000e9380000)
  from space 8704K, 33% used [0x00000000e9380000,0x00000000e96543f8,0x00000000e9c00000)
  to   space 8704K, 0% used [0x00000000ec180000,0x00000000ec180000,0x00000000eca00000)
 ParOldGen       total 36864K, used 16215K [0x00000000a0000000, 0x00000000a2400000, 0x00000000e0000000)
  object space 36864K, 43% used [0x00000000a0000000,0x00000000a0fd5cc0,0x00000000a2400000)
 Metaspace       used 39729K, capacity 40468K, committed 40832K, reserved 1085440K
  class space    used 5146K, capacity 5383K, committed 5504K, reserved 1048576K
}
Event: 124.746 GC heap before
{Heap before GC invocations=18 (full 2):
 PSYoungGen      total 159744K, used 153936K [0x00000000e0000000, 0x00000000eca00000, 0x0000000100000000)
  eden space 151040K, 100% used [0x00000000e0000000,0x00000000e9380000,0x00000000e9380000)
  from space 8704K, 33% used [0x00000000e9380000,0x00000000e96543f8,0x00000000e9c00000)
  to   space 8704K, 0% used [0x00000000ec180000,0x00000000ec180000,0x00000000eca00000)
 ParOldGen       total 36864K, used 16215K [0x00000000a0000000, 0x00000000a2400000, 0x00000000e0000000)
  object space 36864K, 43% used [0x00000000a0000000,0x00000000a0fd5cc0,0x00000000a2400000)
 Metaspace       used 39762K, capacity 40468K, committed 40832K, reserved 1085440K
  class space    used 5147K, capacity 5383K, committed 5504K, reserved 1048576K
Event: 124.815 GC heap after
Heap after GC invocations=18 (full 2):
 PSYoungGen      total 193024K, used 4958K [0x00000000e0000000, 0x00000000ec780000, 0x0000000100000000)
  eden space 186880K, 0% used [0x00000000e0000000,0x00000000e0000000,0x00000000eb680000)
  from space 6144K, 80% used [0x00000000ec180000,0x00000000ec657920,0x00000000ec780000)
  to   space 8704K, 0% used [0x00000000eb680000,0x00000000eb680000,0x00000000ebf00000)
 ParOldGen       total 36864K, used 16223K [0x00000000a0000000, 0x00000000a2400000, 0x00000000e0000000)
  object space 36864K, 44% used [0x00000000a0000000,0x00000000a0fd7cc0,0x00000000a2400000)
 Metaspace       used 39762K, capacity 40468K, committed 40832K, reserved 1085440K
  class space    used 5147K, capacity 5383K, committed 5504K, reserved 1048576K
}
Event: 135.565 GC heap before
{Heap before GC invocations=19 (full 2):
 PSYoungGen      total 193024K, used 191838K [0x00000000e0000000, 0x00000000ec780000, 0x0000000100000000)
  eden space 186880K, 100% used [0x00000000e0000000,0x00000000eb680000,0x00000000eb680000)
  from space 6144K, 80% used [0x00000000ec180000,0x00000000ec657920,0x00000000ec780000)
  to   space 8704K, 0% used [0x00000000eb680000,0x00000000eb680000,0x00000000ebf00000)
 ParOldGen       total 36864K, used 16223K [0x00000000a0000000, 0x00000000a2400000, 0x00000000e0000000)
  object space 36864K, 44% used [0x00000000a0000000,0x00000000a0fd7cc0,0x00000000a2400000)
 Metaspace       used 46216K, capacity 47110K, committed 47616K, reserved 1091584K
  class space    used 5959K, capacity 6278K, committed 6400K, reserved 1048576K
Event: 135.712 GC heap after
Heap after GC invocations=19 (full 2):
 PSYoungGen      total 195584K, used 8673K [0x00000000e0000000, 0x00000000ee680000, 0x0000000100000000)
  eden space 186880K, 0% used [0x00000000e0000000,0x00000000e0000000,0x00000000eb680000)
  from space 8704K, 99% used [0x00000000eb680000,0x00000000ebef84d8,0x00000000ebf00000)
  to   space 10752K, 0% used [0x00000000edc00000,0x00000000edc00000,0x00000000ee680000)
 ParOldGen       total 36864K, used 18151K [0x00000000a0000000, 0x00000000a2400000, 0x00000000e0000000)
  object space 36864K, 49% used [0x00000000a0000000,0x00000000a11b9c98,0x00000000a2400000)
 Metaspace       used 46216K, capacity 47110K, committed 47616K, reserved 1091584K
  class space    used 5959K, capacity 6278K, committed 6400K, reserved 1048576K
}
Event: 148.408 GC heap before
{Heap before GC invocations=20 (full 2):
 PSYoungGen      total 195584K, used 184259K [0x00000000e0000000, 0x00000000ee680000, 0x0000000100000000)
  eden space 186880K, 93% used [0x00000000e0000000,0x00000000eab789e8,0x00000000eb680000)
  from space 8704K, 99% used [0x00000000eb680000,0x00000000ebef84d8,0x00000000ebf00000)
  to   space 10752K, 0% used [0x00000000edc00000,0x00000000edc00000,0x00000000ee680000)
 ParOldGen       total 36864K, used 18151K [0x00000000a0000000, 0x00000000a2400000, 0x00000000e0000000)
  object space 36864K, 49% used [0x00000000a0000000,0x00000000a11b9c98,0x00000000a2400000)
 Metaspace       used 57691K, capacity 59055K, committed 59096K, reserved 1099776K
  class space    used 7484K, capacity 7896K, committed 7896K, reserved 1048576K
Event: 148.748 GC heap after
Heap after GC invocations=20 (full 2):
 PSYoungGen      total 218624K, used 10751K [0x00000000e0000000, 0x00000000ef700000, 0x0000000100000000)
  eden space 207872K, 0% used [0x00000000e0000000,0x00000000e0000000,0x00000000ecb00000)
  from space 10752K, 99% used [0x00000000edc00000,0x00000000ee67fde8,0x00000000ee680000)
  to   space 17408K, 0% used [0x00000000ecb00000,0x00000000ecb00000,0x00000000edc00000)
 ParOldGen       total 36864K, used 32537K [0x00000000a0000000, 0x00000000a2400000, 0x00000000e0000000)
  object space 36864K, 88% used [0x00000000a0000000,0x00000000a1fc6770,0x00000000a2400000)
 Metaspace       used 57691K, capacity 59055K, committed 59096K, reserved 1099776K
  class space    used 7484K, capacity 7896K, committed 7896K, reserved 1048576K
}
Event: 149.576 GC heap before
{Heap before GC invocations=21 (full 3):
 PSYoungGen      total 218624K, used 10751K [0x00000000e0000000, 0x00000000ef700000, 0x0000000100000000)
  eden space 207872K, 0% used [0x00000000e0000000,0x00000000e0000000,0x00000000ecb00000)
  from space 10752K, 99% used [0x00000000edc00000,0x00000000ee67fde8,0x00000000ee680000)
  to   space 17408K, 0% used [0x00000000ecb00000,0x00000000ecb00000,0x00000000edc00000)
 ParOldGen       total 36864K, used 32537K [0x00000000a0000000, 0x00000000a2400000, 0x00000000e0000000)
  object space 36864K, 88% used [0x00000000a0000000,0x00000000a1fc6770,0x00000000a2400000)
 Metaspace       used 57691K, capacity 59055K, committed 59096K, reserved 1099776K
  class space    used 7484K, capacity 7896K, committed 7896K, reserved 1048576K

